<?xml version="1.0" encoding="UTF-8"?>
<!-- Generated by org.testng.reporters.JUnitReportReporter -->
<testsuite hostname="DESKTOP-RU08JH4" failures="0" tests="1" name="test.skillrary" time="6.787" errors="0" timestamp="2022-08-14T11:25:40 IST" skipped="0">
  <testcase classname="test.skillrary" name="test1" time="6.787"/>
  <system-out/>
</testsuite> <!-- test.skillrary -->
